<?xml version='1.0' encoding='UTF-8'?>
<result plugin="junit@1.0">
  <suites>
    <suite>
      <file>C:\Users\I310911\perforce\testWRKSPC\testPlugin\appexample2\target\surefire-reports\TEST-InjectedTest.xml</file>
      <name>InjectedTest</name>
      <stdout>Exploding C:\Users\I310911\.m2\repository\org\jenkins-ci\main\jenkins-war\1.580.1\jenkins-war-1.580.1-war-for-test.jar into C:\Users\I310911\perforce\testWRKSPC\testPlugin\appexample2\.\target\jenkins-for-test
May 12, 2015 3:38:57 PM org.mortbay.log.Slf4jLog info&#xd;
INFO: Logging to org.slf4j.impl.JDK14LoggerAdapter(org.mortbay.log) via org.mortbay.log.Slf4jLog&#xd;
May 12, 2015 3:38:57 PM org.mortbay.log.Slf4jLog info&#xd;
INFO: jetty-6.1.26&#xd;
May 12, 2015 3:38:57 PM org.mortbay.log.Slf4jLog info&#xd;
INFO: N
...[truncated 3254 bytes]...
10)&#xd;
	at hudson.Util.deleteContentsRecursive(Util.java:212)&#xd;
	at hudson.Util.deleteRecursive(Util.java:301)&#xd;
	at hudson.Util.deleteContentsRecursive(Util.java:212)&#xd;
	at hudson.Util.deleteRecursive(Util.java:301)&#xd;
	at hudson.Util.deleteContentsRecursive(Util.java:212)&#xd;
	at hudson.Util.deleteRecursive(Util.java:301)&#xd;
	at hudson.Util.deleteContentsRecursive(Util.java:212)&#xd;
	at hudson.Util.deleteRecursive(Util.java:301)&#xd;
	at org.jvnet.hudson.test.TestPluginManager$1.run(TestPluginManager.java:146)&#xd;
</stdout>
      <duration>2.0609999</duration>
      <cases>
        <case>
          <duration>0.299</duration>
          <className>org.jvnet.hudson.test.JellyTestSuiteBuilder$JellyCheck</className>
          <testName>fr\sap\appexample2\MyPlugin\config.jelly</testName>
          <skipped>false</skipped>
          <failedSince>0</failedSince>
        </case>
        <case>
          <duration>0.053</duration>
          <className>org.jvnet.hudson.test.JellyTestSuiteBuilder$JellyCheck</className>
          <testName>fr\sap\appexample2\MyPlugin\global.jelly</testName>
          <skipped>false</skipped>
          <failedSince>0</failedSince>
        </case>
        <case>
          <duration>0.011</duration>
          <className>org.jvnet.hudson.test.JellyTestSuiteBuilder$JellyCheck</className>
          <testName>fr\sap\appexample2\MyPlugin\newViewDetail.jelly</testName>
          <skipped>false</skipped>
          <failedSince>0</failedSince>
        </case>
        <case>
          <duration>0.007</duration>
          <className>org.jvnet.hudson.test.JellyTestSuiteBuilder$JellyCheck</className>
          <testName>index.jelly</testName>
          <skipped>false</skipped>
          <failedSince>0</failedSince>
        </case>
        <case>
          <duration>0.0</duration>
          <className>org.jvnet.hudson.test.junit.FailedTest</className>
          <testName>org.jvnet.hudson.test.JellyTestSuiteBuilder$JellyTestSuite</testName>
          <skipped>false</skipped>
          <failedSince>0</failedSince>
        </case>
        <case>
          <duration>1.691</duration>
          <className>org.jvnet.hudson.test.PluginAutomaticTestBuilder$CliSanityTest</className>
          <testName>testCliSanity</testName>
          <skipped>false</skipped>
          <failedSince>0</failedSince>
        </case>
      </cases>
    </suite>
  </suites>
  <duration>2.0609999</duration>
  <keepLongStdio>false</keepLongStdio>
</result>