<?xml version='1.0' encoding='UTF-8'?>
<result plugin="junit@1.0">
  <suites>
    <suite>
      <file>C:\Users\I310911\perforce\testWRKSPC\helpers\target\surefire-reports\TEST-fr.perso.cookbook.net.HttpTestTest.xml</file>
      <name>fr.perso.cookbook.net.HttpTestTest</name>
      <duration>0.38</duration>
      <cases>
        <case>
          <duration>0.095</duration>
          <className>fr.perso.cookbook.net.HttpTestTest</className>
          <testName>testGetTest2</testName>
          <skipped>true</skipped>
          <failedSince>1</failedSince>
        </case>
        <case>
          <duration>0.095</duration>
          <className>fr.perso.cookbook.net.HttpTestTest</className>
          <testName>testMain</testName>
          <skipped>true</skipped>
          <failedSince>1</failedSince>
        </case>
        <case>
          <duration>0.095</duration>
          <className>fr.perso.cookbook.net.HttpTestTest</className>
          <testName>testDetect2</testName>
          <skipped>true</skipped>
          <failedSince>1</failedSince>
        </case>
        <case>
          <duration>0.095</duration>
          <className>fr.perso.cookbook.net.HttpTestTest</className>
          <testName>testDetect</testName>
          <skipped>true</skipped>
          <failedSince>1</failedSince>
        </case>
      </cases>
    </suite>
    <suite>
      <file>C:\Users\I310911\perforce\testWRKSPC\helpers\target\surefire-reports\TEST-fr.perso.cookbook.net.SimpleClientTest.xml</file>
      <name>fr.perso.cookbook.net.SimpleClientTest</name>
      <duration>0.0</duration>
      <cases>
        <case>
          <duration>0.0</duration>
          <className>fr.perso.cookbook.net.SimpleClientTest</className>
          <testName>testRun</testName>
          <skipped>true</skipped>
          <failedSince>1</failedSince>
        </case>
      </cases>
    </suite>
    <suite>
      <file>C:\Users\I310911\perforce\testWRKSPC\helpers\target\surefire-reports\TEST-fr.perso.cookbook.net.SimpleServerTest.xml</file>
      <name>fr.perso.cookbook.net.SimpleServerTest</name>
      <duration>0.003</duration>
      <cases>
        <case>
          <duration>0.003</duration>
          <className>fr.perso.cookbook.net.SimpleServerTest</className>
          <testName>testRun</testName>
          <skipped>true</skipped>
          <failedSince>1</failedSince>
        </case>
      </cases>
    </suite>
    <suite>
      <file>C:\Users\I310911\perforce\testWRKSPC\helpers\target\surefire-reports\TEST-fr.perso.cookbook.printing.InConsoleTest.xml</file>
      <name>fr.perso.cookbook.printing.InConsoleTest</name>
      <duration>0.001</duration>
      <cases>
        <case>
          <duration>0.0</duration>
          <className>fr.perso.cookbook.printing.InConsoleTest</className>
          <testName>testPrintFile</testName>
          <skipped>true</skipped>
          <failedSince>1</failedSince>
        </case>
        <case>
          <duration>0.001</duration>
          <className>fr.perso.cookbook.printing.InConsoleTest</className>
          <testName>testPrintRemoteFileFromPath</testName>
          <skipped>false</skipped>
          <failedSince>0</failedSince>
        </case>
        <case>
          <duration>0.0</duration>
          <className>fr.perso.cookbook.printing.InConsoleTest</className>
          <testName>testPrintLocalFileFromPath</testName>
          <skipped>false</skipped>
          <failedSince>0</failedSince>
        </case>
      </cases>
    </suite>
    <suite>
      <file>C:\Users\I310911\perforce\testWRKSPC\helpers\target\surefire-reports\TEST-fr.perso.cookbook.printing.InFileTest.xml</file>
      <name>fr.perso.cookbook.printing.InFileTest</name>
      <duration>0.89599997</duration>
      <cases>
        <case>
          <duration>0.447</duration>
          <className>fr.perso.cookbook.printing.InFileTest</className>
          <testName>testWait</testName>
          <skipped>false</skipped>
          <failedSince>0</failedSince>
        </case>
        <case>
          <duration>0.447</duration>
          <className>fr.perso.cookbook.printing.InFileTest</className>
          <testName>method</testName>
          <skipped>true</skipped>
          <failedSince>1</failedSince>
        </case>
        <case>
          <duration>0.002</duration>
          <className>fr.perso.cookbook.printing.InFileTest</className>
          <testName>betterTestDivisionByZero</testName>
          <skipped>false</skipped>
          <failedSince>0</failedSince>
        </case>
        <case>
          <duration>0.0</duration>
          <className>fr.perso.cookbook.printing.InFileTest</className>
          <testName>testDivisionByZero</testName>
          <skipped>false</skipped>
          <failedSince>0</failedSince>
        </case>
        <case>
          <duration>0.0</duration>
          <className>fr.perso.cookbook.printing.InFileTest</className>
          <testName>testWriteString</testName>
          <skipped>false</skipped>
          <failedSince>0</failedSince>
        </case>
      </cases>
    </suite>
  </suites>
  <duration>1.28</duration>
  <keepLongStdio>false</keepLongStdio>
</result>